2019-05-20 15:58:29 -  - exec CUpdateClientPartner::__CollectRequestData
2019-05-20 15:58:29 -  - exec CUpdateClientPartner::GetHTTPPage
2019-05-20 15:58:30 -  - exec CUpdateClientPartner::ParseServerData
2019-05-20 15:58:30 -  - exec CUpdateClientPartner::GetUpdatesList
2019-05-20 15:58:30 -  - exec CUpdateClientPartner::__CollectRequestData
2019-05-20 15:58:30 -  - utf=Y&lang=ru&stable=Y&CANGZIP=Y&SUPD_DBS=MYSQL&XE=N&CLIENT_SITE=192.168.39.105&LICENSE_KEY=X&SUPD_STS=1&SUPD_URS=0&SUPD_URSA=1&TYPENC=D&CLIENT_PHPVER=7.1.17&NGINX=Y&dbv=5.7.21&instm=main%2C18.5.180%2CY%3Brest%2C18.5.7%2CN%3Bsubscribe%2C18.5.0%2CN%3Bforum%2C18.0.5%2CN%3Bui%2C18.5.150%2CN%3Bsearch%2C18.5.200%2CN%3Bscale%2C17.5.0%2CN%3Bcompression%2C16.0.0%2CN%3Biblock%2C18.6.400%2CN%3Bphotogallery%2C18.0.0%2CN%3Btranslate%2C18.0.0%2CN%3Blanding%2C18.6.75%2CN%3Bblog%2C18.1.0%2CN%3Bseo%2C18.6.100%2CN%3Bvote%2C17.5.1%2CN%3Bbitrix.siteinfoportal%2C15.5.0%2CN%3Bform%2C18.0.0%2CN%3Bfileman%2C18.5.400%2CN%3Bmobileapp%2C18.5.100%2CN%3Bb24connector%2C18.5.0%2CN%3Bbitrix.sitepersonal%2C15.5.0%2CN%3Bmessageservice%2C18.0.3%2CN%3Bbitrix.sitecorporate%2C15.5.0%2CN%3Bhighloadblock%2C18.5.100%2CN%3Bclouds%2C18.0.0%2CN%3Bsocialservices%2C18.5.100%2CN%3Bbitrixcloud%2C18.5.0%2CN%3Bperfmon%2C18.5.0%2CN%3Bsecurity%2C18.5.1%2CN&reqm=bitrix.siteinfoportal%2Cbitrix.sitepersonal%2Cbitrix.sitecorporate&fullmoduleinfo=Y&SUPD_SRS=RU&SUPD_CMP=N
2019-05-20 15:58:30 -  - exec CUpdateClientPartner::GetHTTPPage
2019-05-20 15:58:30 -  - TIME GetUpdatesList(request) 0.389 sec
2019-05-20 15:58:30 -  - exec CUpdateClientPartner::ParseServerData
2019-05-20 15:58:30 -  - exec CUpdateClientPartner::__CollectRequestData
2019-05-20 15:58:30 -  - exec CUpdateClientPartner::GetHTTPPage
2019-05-20 15:58:30 -  - exec CUpdateClientPartner::ParseServerData
2019-05-21 16:05:02 -  - exec CUpdateClientPartner::__CollectRequestData
2019-05-21 16:05:02 -  - exec CUpdateClientPartner::GetHTTPPage
2019-05-21 16:05:04 -  - exec CUpdateClientPartner::ParseServerData
2019-05-21 16:05:04 -  - exec CUpdateClientPartner::GetUpdatesList
2019-05-21 16:05:04 -  - exec CUpdateClientPartner::__CollectRequestData
2019-05-21 16:05:04 -  - utf=Y&lang=ru&stable=Y&CANGZIP=Y&SUPD_DBS=MYSQL&XE=N&CLIENT_SITE=192.168.39.105&LICENSE_KEY=X&SUPD_STS=1&SUPD_URS=0&SUPD_URSA=1&TYPENC=D&CLIENT_PHPVER=7.1.17&NGINX=Y&dbv=5.7.21&instm=main%2C18.5.180%2CY%3Brest%2C18.5.7%2CN%3Bsubscribe%2C18.5.0%2CN%3Bforum%2C18.0.5%2CN%3Bui%2C18.5.150%2CN%3Bsearch%2C18.5.200%2CN%3Bscale%2C17.5.0%2CN%3Bcompression%2C16.0.0%2CN%3Biblock%2C18.6.400%2CN%3Bphotogallery%2C18.0.0%2CN%3Btranslate%2C18.0.0%2CN%3Blanding%2C18.6.75%2CN%3Bblog%2C18.1.0%2CN%3Bseo%2C18.6.100%2CN%3Bvote%2C17.5.1%2CN%3Bbitrix.siteinfoportal%2C15.5.0%2CN%3Bform%2C18.0.0%2CN%3Bfileman%2C18.5.400%2CN%3Bmobileapp%2C18.5.100%2CN%3Bb24connector%2C18.5.0%2CN%3Bbitrix.sitepersonal%2C15.5.0%2CN%3Bmessageservice%2C18.0.3%2CN%3Bbitrix.sitecorporate%2C15.5.0%2CN%3Bhighloadblock%2C18.5.100%2CN%3Bclouds%2C18.0.0%2CN%3Bsocialservices%2C18.5.100%2CN%3Bbitrixcloud%2C18.5.0%2CN%3Bperfmon%2C18.5.0%2CN%3Bsecurity%2C18.5.1%2CN&reqm=bitrix.siteinfoportal%2Cbitrix.sitepersonal%2Cbitrix.sitecorporate&fullmoduleinfo=Y&SUPD_SRS=RU&SUPD_CMP=N
2019-05-21 16:05:04 -  - exec CUpdateClientPartner::GetHTTPPage
2019-05-21 16:05:04 -  - TIME GetUpdatesList(request) 0.414 sec
2019-05-21 16:05:04 -  - exec CUpdateClientPartner::ParseServerData
2019-05-21 16:05:04 -  - exec CUpdateClientPartner::__CollectRequestData
2019-05-21 16:05:04 -  - exec CUpdateClientPartner::GetHTTPPage
2019-05-21 16:05:05 -  - exec CUpdateClientPartner::ParseServerData
2019-05-22 16:05:50 -  - exec CUpdateClientPartner::__CollectRequestData
2019-05-22 16:05:50 -  - exec CUpdateClientPartner::GetHTTPPage
2019-05-22 16:05:51 -  - exec CUpdateClientPartner::ParseServerData
2019-05-22 16:05:51 -  - exec CUpdateClientPartner::GetUpdatesList
2019-05-22 16:05:51 -  - exec CUpdateClientPartner::__CollectRequestData
2019-05-22 16:05:51 -  - utf=Y&lang=ru&stable=Y&CANGZIP=Y&SUPD_DBS=MYSQL&XE=N&CLIENT_SITE=192.168.39.105&LICENSE_KEY=X&SUPD_STS=1&SUPD_URS=0&SUPD_URSA=1&TYPENC=D&CLIENT_PHPVER=7.1.17&NGINX=Y&dbv=5.7.21&instm=main%2C18.5.180%2CY%3Brest%2C18.5.7%2CN%3Bsubscribe%2C18.5.0%2CN%3Bforum%2C18.0.5%2CN%3Bui%2C18.5.150%2CN%3Bsearch%2C18.5.200%2CN%3Bscale%2C17.5.0%2CN%3Bcompression%2C16.0.0%2CN%3Biblock%2C18.6.400%2CN%3Bphotogallery%2C18.0.0%2CN%3Btranslate%2C18.0.0%2CN%3Blanding%2C18.6.75%2CN%3Bblog%2C18.1.0%2CN%3Bseo%2C18.6.100%2CN%3Bvote%2C17.5.1%2CN%3Bbitrix.siteinfoportal%2C15.5.0%2CN%3Bform%2C18.0.0%2CN%3Bfileman%2C18.5.400%2CN%3Bmobileapp%2C18.5.100%2CN%3Bb24connector%2C18.5.0%2CN%3Bbitrix.sitepersonal%2C15.5.0%2CN%3Bmessageservice%2C18.0.3%2CN%3Bbitrix.sitecorporate%2C15.5.0%2CN%3Bhighloadblock%2C18.5.100%2CN%3Bclouds%2C18.0.0%2CN%3Bsocialservices%2C18.5.100%2CN%3Bbitrixcloud%2C18.5.0%2CN%3Bperfmon%2C18.5.0%2CN%3Bsecurity%2C18.5.1%2CN&reqm=bitrix.siteinfoportal%2Cbitrix.sitepersonal%2Cbitrix.sitecorporate&fullmoduleinfo=Y&SUPD_SRS=RU&SUPD_CMP=N
2019-05-22 16:05:51 -  - exec CUpdateClientPartner::GetHTTPPage
2019-05-22 16:05:51 -  - TIME GetUpdatesList(request) 0.477 sec
2019-05-22 16:05:51 -  - exec CUpdateClientPartner::ParseServerData
2019-05-22 16:05:51 -  - exec CUpdateClientPartner::__CollectRequestData
2019-05-22 16:05:51 -  - exec CUpdateClientPartner::GetHTTPPage
2019-05-22 16:05:52 -  - exec CUpdateClientPartner::ParseServerData
2019-05-24 10:23:52 -  - exec CUpdateClientPartner::__CollectRequestData
2019-05-24 10:23:52 -  - exec CUpdateClientPartner::GetHTTPPage
2019-05-24 10:23:52 -  - exec CUpdateClientPartner::ParseServerData
2019-05-24 10:23:52 -  - exec CUpdateClientPartner::GetUpdatesList
2019-05-24 10:23:52 -  - exec CUpdateClientPartner::__CollectRequestData
2019-05-24 10:23:52 -  - utf=Y&lang=ru&stable=Y&CANGZIP=Y&SUPD_DBS=MYSQL&XE=N&CLIENT_SITE=192.168.39.105&LICENSE_KEY=X&SUPD_STS=1&SUPD_URS=0&SUPD_URSA=1&TYPENC=D&CLIENT_PHPVER=7.1.17&NGINX=Y&dbv=5.7.21&instm=main%2C18.5.180%2CY%3Brest%2C18.5.7%2CN%3Bsubscribe%2C18.5.0%2CN%3Bforum%2C18.0.5%2CN%3Bui%2C18.5.150%2CN%3Bsearch%2C18.5.200%2CN%3Bscale%2C17.5.0%2CN%3Bcompression%2C16.0.0%2CN%3Biblock%2C18.6.400%2CN%3Bphotogallery%2C18.0.0%2CN%3Btranslate%2C18.0.0%2CN%3Blanding%2C18.6.75%2CN%3Bblog%2C18.1.0%2CN%3Bseo%2C18.6.100%2CN%3Bvote%2C17.5.1%2CN%3Bbitrix.siteinfoportal%2C15.5.0%2CN%3Bform%2C18.0.0%2CN%3Bfileman%2C18.5.400%2CN%3Bmobileapp%2C18.5.100%2CN%3Bb24connector%2C18.5.0%2CN%3Bbitrix.sitepersonal%2C15.5.0%2CN%3Bmessageservice%2C18.0.3%2CN%3Bbitrix.sitecorporate%2C15.5.0%2CN%3Bhighloadblock%2C18.5.100%2CN%3Bclouds%2C18.0.0%2CN%3Bsocialservices%2C18.5.100%2CN%3Bbitrixcloud%2C18.5.0%2CN%3Bperfmon%2C18.5.0%2CN%3Bsecurity%2C18.5.1%2CN&reqm=bitrix.siteinfoportal%2Cbitrix.sitepersonal%2Cbitrix.sitecorporate&fullmoduleinfo=Y&SUPD_SRS=RU&SUPD_CMP=N
2019-05-24 10:23:52 -  - exec CUpdateClientPartner::GetHTTPPage
2019-05-24 10:23:53 -  - TIME GetUpdatesList(request) 0.45 sec
2019-05-24 10:23:53 -  - exec CUpdateClientPartner::ParseServerData
2019-05-24 10:23:53 -  - exec CUpdateClientPartner::__CollectRequestData
2019-05-24 10:23:53 -  - exec CUpdateClientPartner::GetHTTPPage
2019-05-24 10:23:53 -  - exec CUpdateClientPartner::ParseServerData
